2025-09-09 08:13:37,535 - PDFProcessor - INFO - Analyzing PDF fields: D:\Agent 3\10-6 (3).pdf
2025-09-09 08:13:37,551 - PDFProcessor - INFO - Found field: {'page': 0, 'name': 'Address of Property', 'type': 'Text', 'value': '', 'rect': Rect(54.489601135253906, 160.09002685546875, 558.6099853515625, 170.04998779296875)}
2025-09-09 08:13:37,567 - PDFProcessor - INFO - Found field: {'page': 0, 'name': 'Address on or before', 'type': 'Text', 'value': '', 'rect': Rect(68.1697006225586, 225.3599853515625, 568.1719970703125, 235.32000732421875)}
2025-09-09 08:13:37,576 - PDFProcessor - INFO - Found field: {'page': 0, 'name': 'Contingency is not satisfied or waived by Buyer by the above date the contract will terminate', 'type': 'Text', 'value': '', 'rect': Rect(174.0, 236.280029296875, 374.3999938964844, 246.239990234375)}
2025-09-09 08:13:37,580 - PDFProcessor - INFO - Found field: {'page': 0, 'name': '20', 'type': 'Text', 'value': '', 'rect': Rect(394.67999267578125, 236.280029296875, 435.239990234375, 246.239990234375)}
2025-09-09 08:13:37,582 - PDFProcessor - INFO - Found field: {'page': 0, 'name': 'terminate automatically and the earnest money will be refunded to Buyer', 'type': 'Text', 'value': '', 'rect': Rect(145.32000732421875, 333.3599853515625, 244.55999755859375, 343.32000732421875)}
2025-09-09 08:13:37,583 - PDFProcessor - INFO - Found field: {'page': 0, 'name': 'All notices and waivers must be in writing and are', 'type': 'Text', 'value': '', 'rect': Rect(504.8590087890625, 368.29901123046875, 569.5390014648438, 378.2590026855469)}
2025-09-09 08:13:37,583 - PDFProcessor - INFO - Found field: {'page': 0, 'name': 'Signature1', 'type': 'Signature', 'value': '', 'rect': Rect(55.81489944458008, 509.6780090332031, 298.8399963378906, 541.677978515625)}
2025-09-09 08:13:37,585 - PDFProcessor - INFO - Found field: {'page': 0, 'name': 'Signature2', 'type': 'Signature', 'value': '', 'rect': Rect(312.3680114746094, 509.6780090332031, 559.7990112304688, 541.677978515625)}
2025-09-09 08:13:37,585 - PDFProcessor - INFO - Found field: {'page': 0, 'name': 'Signature3', 'type': 'Signature', 'value': '', 'rect': Rect(55.32529830932617, 570.3890380859375, 297.8609924316406, 602.3890380859375)}
2025-09-09 08:13:37,587 - PDFProcessor - INFO - Found field: {'page': 0, 'name': 'Signature4', 'type': 'Signature', 'value': '', 'rect': Rect(312.85699462890625, 569.9000244140625, 559.7990112304688, 601.9000244140625)}
2025-09-09 08:13:37,595 - PDFProcessor - INFO - Found 10 form fields
2025-09-09 08:13:37,761 - PDFProcessor - INFO - Generating AI data for PDF: D:\Agent 3\10-6 (3).pdf
2025-09-09 08:13:37,848 - PDFProcessor - INFO - AI data generated successfully
2025-09-09 08:13:38,228 - PDFProcessor - INFO - Filling PDF: D:\Agent 3\10-6 (3).pdf
2025-09-09 08:13:38,230 - PDFProcessor - INFO - Output will be saved to: D:\Agent 3\final_filled_10-6_form.pdf
2025-09-09 08:13:38,238 - PDFProcessor - INFO - Page 1: Found 10 widgets
2025-09-09 08:13:38,252 - PDFProcessor - INFO - Processing field: Address of Property (Type: Text, Current: )
2025-09-09 08:13:38,259 - PDFProcessor - INFO - ✅ Filled field 'Address of Property' with: 1234 Oak Street, Austin, TX 78701
2025-09-09 08:13:38,271 - PDFProcessor - INFO - Processing field: Address on or before (Type: Text, Current: )
2025-09-09 08:13:38,328 - PDFProcessor - INFO - ✅ Filled field 'Address on or before' with: 1234 Oak Street, Austin, TX 78701
2025-09-09 08:13:38,363 - PDFProcessor - INFO - Processing field: Contingency is not satisfied or waived by Buyer by the above date the contract will terminate (Type: Text, Current: )
2025-09-09 08:13:38,378 - PDFProcessor - INFO - ✅ Filled field 'Contingency is not satisfied or waived by Buyer by the above date the contract will terminate' with: 01-09-25
2025-09-09 08:13:38,382 - PDFProcessor - INFO - Processing field: 20 (Type: Text, Current: )
2025-09-09 08:13:38,388 - PDFProcessor - INFO - ✅ Filled field '20' with: 2025
2025-09-09 08:13:38,400 - PDFProcessor - INFO - Processing field: terminate automatically and the earnest money will be refunded to Buyer (Type: Text, Current: )
2025-09-09 08:13:38,404 - PDFProcessor - INFO - ✅ Filled field 'terminate automatically and the earnest money will be refunded to Buyer' with: 01-09-25
2025-09-09 08:13:38,404 - PDFProcessor - INFO - Processing field: All notices and waivers must be in writing and are (Type: Text, Current: )
2025-09-09 08:13:38,410 - PDFProcessor - INFO - ✅ Filled field 'All notices and waivers must be in writing and are' with: 100,000
2025-09-09 08:13:38,417 - PDFProcessor - INFO - Processing field: Signature1 (Type: Signature, Current: )
2025-09-09 08:13:38,422 - PDFProcessor - INFO - ✅ Filled field 'Signature1' with: 01-09-25
2025-09-09 08:13:38,426 - PDFProcessor - INFO - Processing field: Signature2 (Type: Signature, Current: )
2025-09-09 08:13:38,436 - PDFProcessor - INFO - ✅ Filled field 'Signature2' with: Sarah Jane Johnson
2025-09-09 08:13:38,437 - PDFProcessor - INFO - Processing field: Signature3 (Type: Signature, Current: )
2025-09-09 08:13:38,441 - PDFProcessor - INFO - ✅ Filled field 'Signature3' with: 01-09-25
2025-09-09 08:13:38,445 - PDFProcessor - INFO - Processing field: Signature4 (Type: Signature, Current: )
2025-09-09 08:13:38,453 - PDFProcessor - INFO - ✅ Filled field 'Signature4' with: Sarah Jane Johnson
2025-09-09 08:13:38,467 - PDFProcessor - INFO - ✅ PDF saved successfully: D:\Agent 3\final_filled_10-6_form.pdf
